#-----------------------------------------------------------
# Vivado v2020.2 (64-bit)
# SW Build 3064766 on Wed Nov 18 09:12:45 MST 2020
# IP Build 3064653 on Wed Nov 18 14:17:31 MST 2020
# Start of session at: Thu Mar 31 18:10:41 2022
# Process ID: 4568
# Current directory: C:/Users/vlad.pruteanu/Desktop/CID/Lab5/ex2/ALU
# Command line: vivado.exe -gui_launcher_event rodinguilauncherevent9652 C:\Users\vlad.pruteanu\Desktop\CID\Lab5\ex2\ALU\ALU.xpr
# Log file: C:/Users/vlad.pruteanu/Desktop/CID/Lab5/ex2/ALU/vivado.log
# Journal file: C:/Users/vlad.pruteanu/Desktop/CID/Lab5/ex2/ALU\vivado.jou
#-----------------------------------------------------------
start_gui
open_project C:/Users/vlad.pruteanu/Desktop/CID/Lab5/ex2/ALU/ALU.xpr
INFO: [Project 1-313] Project file moved from '/home/student/ALU' since last save.
WARNING: [filemgmt 56-2] Default IP Output Path : Could not find the directory 'C:/Users/vlad.pruteanu/Desktop/CID/Lab5/ex2/ALU/ALU.gen/sources_1', nor could it be found using path 'C:/home/student/ALU/ALU.gen/sources_1'.
Scanning sources...
Finished scanning sources
INFO: [IP_Flow 19-234] Refreshing IP repositories
INFO: [IP_Flow 19-1704] No user IP repositories specified
INFO: [IP_Flow 19-2313] Loaded Vivado IP repository 'C:/Xilinx/Vivado/2020.2/data/ip'.
update_compile_order -fileset sources_1
launch_simulation
Command: launch_simulation 
INFO: [Vivado 12-5682] Launching behavioral simulation in 'C:/Users/vlad.pruteanu/Desktop/CID/Lab5/ex2/ALU/ALU.sim/sim_1/behav/xsim'
INFO: [SIM-utils-51] Simulation object is 'sim_1'
INFO: [SIM-utils-54] Inspecting design source files for 'top_tb' in fileset 'sim_1'...
INFO: [USF-XSim-97] Finding global include files...
INFO: [USF-XSim-98] Fetching design files from 'sim_1'...
INFO: [USF-XSim-2] XSim::Compile design
INFO: [USF-XSim-61] Executing 'COMPILE and ANALYZE' step in 'C:/Users/vlad.pruteanu/Desktop/CID/Lab5/ex2/ALU/ALU.sim/sim_1/behav/xsim'
"xvlog --incr --relax -prj top_tb_vlog.prj"
INFO: [VRFC 10-2263] Analyzing Verilog file "C:/Users/vlad.pruteanu/Desktop/CID/Lab5/ex2/ALU/ALU.srcs/sources_1/new/add.v" into library xil_defaultlib
INFO: [VRFC 10-311] analyzing module add
INFO: [VRFC 10-2263] Analyzing Verilog file "C:/Users/vlad.pruteanu/Desktop/CID/Lab5/ex2/ALU/ALU.srcs/sources_1/new/comp_eq.v" into library xil_defaultlib
INFO: [VRFC 10-311] analyzing module comp_eq
INFO: [VRFC 10-2263] Analyzing Verilog file "C:/Users/vlad.pruteanu/Desktop/CID/Lab5/ex2/ALU/ALU.srcs/sources_1/new/demux4.v" into library xil_defaultlib
INFO: [VRFC 10-311] analyzing module demux4
INFO: [VRFC 10-2263] Analyzing Verilog file "C:/Users/vlad.pruteanu/Desktop/CID/Lab5/ex2/ALU/ALU.srcs/sources_1/new/mux4.v" into library xil_defaultlib
INFO: [VRFC 10-311] analyzing module mux4
INFO: [VRFC 10-2263] Analyzing Verilog file "C:/Users/vlad.pruteanu/Desktop/CID/Lab5/ex2/ALU/ALU.srcs/sources_1/new/special.v" into library xil_defaultlib
INFO: [VRFC 10-311] analyzing module special
INFO: [VRFC 10-2263] Analyzing Verilog file "C:/Users/vlad.pruteanu/Desktop/CID/Lab5/ex2/ALU/ALU.srcs/sources_1/new/top.v" into library xil_defaultlib
INFO: [VRFC 10-311] analyzing module top
INFO: [VRFC 10-2263] Analyzing Verilog file "C:/Users/vlad.pruteanu/Desktop/CID/Lab5/ex2/ALU/ALU.srcs/sim_1/new/top_tb.v" into library xil_defaultlib
INFO: [VRFC 10-311] analyzing module top_tb
INFO: [VRFC 10-2263] Analyzing Verilog file "C:/Users/vlad.pruteanu/Desktop/CID/Lab5/ex2/ALU/ALU.sim/sim_1/behav/xsim/glbl.v" into library xil_defaultlib
INFO: [VRFC 10-311] analyzing module glbl
INFO: [USF-XSim-69] 'compile' step finished in '1' seconds
INFO: [USF-XSim-3] XSim::Elaborate design
INFO: [USF-XSim-61] Executing 'ELABORATE' step in 'C:/Users/vlad.pruteanu/Desktop/CID/Lab5/ex2/ALU/ALU.sim/sim_1/behav/xsim'
"xelab -wto ca460ee6808c46c0b80e4a4bdaca58a1 --incr --debug typical --relax --mt 2 -L xil_defaultlib -L unisims_ver -L unimacro_ver -L secureip --snapshot top_tb_behav xil_defaultlib.top_tb xil_defaultlib.glbl -log elaborate.log"
Vivado Simulator 2020.2
Copyright 1986-1999, 2001-2020 Xilinx, Inc. All Rights Reserved.
Running: C:/Xilinx/Vivado/2020.2/bin/unwrapped/win64.o/xelab.exe -wto ca460ee6808c46c0b80e4a4bdaca58a1 --incr --debug typical --relax --mt 2 -L xil_defaultlib -L unisims_ver -L unimacro_ver -L secureip --snapshot top_tb_behav xil_defaultlib.top_tb xil_defaultlib.glbl -log elaborate.log 
Using 2 slave threads.
Starting static elaboration
Pass Through NonSizing Optimizer
WARNING: [VRFC 10-3091] actual bit length 32 differs from formal bit length 8 for port 'in1' [C:/Users/vlad.pruteanu/Desktop/CID/Lab5/ex2/ALU/ALU.srcs/sources_1/new/top.v:76]
WARNING: [VRFC 10-3091] actual bit length 32 differs from formal bit length 8 for port 'in3' [C:/Users/vlad.pruteanu/Desktop/CID/Lab5/ex2/ALU/ALU.srcs/sources_1/new/top.v:56]
WARNING: [VRFC 10-3091] actual bit length 32 differs from formal bit length 8 for port 'in2' [C:/Users/vlad.pruteanu/Desktop/CID/Lab5/ex2/ALU/ALU.srcs/sources_1/new/top.v:63]
Completed static elaboration
Starting simulation data flow analysis
Completed simulation data flow analysis
Time Resolution for simulation is 1ps
Compiling module xil_defaultlib.add
Compiling module xil_defaultlib.mux4
Compiling module xil_defaultlib.special
Compiling module xil_defaultlib.comp_eq
Compiling module xil_defaultlib.demux4
Compiling module xil_defaultlib.top
Compiling module xil_defaultlib.top_tb
Compiling module xil_defaultlib.glbl
Built simulation snapshot top_tb_behav

****** Webtalk v2020.2 (64-bit)
  **** SW Build 3064766 on Wed Nov 18 09:12:45 MST 2020
  **** IP Build 3064653 on Wed Nov 18 14:17:31 MST 2020
    ** Copyright 1986-2020 Xilinx, Inc. All Rights Reserved.

source C:/Users/vlad.pruteanu/Desktop/CID/Lab5/ex2/ALU/ALU.sim/sim_1/behav/xsim/xsim.dir/top_tb_behav/webtalk/xsim_webtalk.tcl -notrace
INFO: [Common 17-186] 'C:/Users/vlad.pruteanu/Desktop/CID/Lab5/ex2/ALU/ALU.sim/sim_1/behav/xsim/xsim.dir/top_tb_behav/webtalk/usage_statistics_ext_xsim.xml' has been successfully sent to Xilinx on Thu Mar 31 18:11:08 2022. For additional details about this file, please refer to the WebTalk help file at C:/Xilinx/Vivado/2020.2/doc/webtalk_introduction.html.
INFO: [Common 17-206] Exiting Webtalk at Thu Mar 31 18:11:08 2022...
run_program: Time (s): cpu = 00:00:01 ; elapsed = 00:00:07 . Memory (MB): peak = 1017.332 ; gain = 0.000
INFO: [USF-XSim-69] 'elaborate' step finished in '6' seconds
INFO: [USF-XSim-4] XSim::Simulate design
INFO: [USF-XSim-61] Executing 'SIMULATE' step in 'C:/Users/vlad.pruteanu/Desktop/CID/Lab5/ex2/ALU/ALU.sim/sim_1/behav/xsim'
INFO: [USF-XSim-98] *** Running xsim
   with args "top_tb_behav -key {Behavioral:sim_1:Functional:top_tb} -tclbatch {top_tb.tcl} -view {C:/Users/vlad.pruteanu/Desktop/CID/Lab5/ex2/ALU/top_tb_behav.wcfg} -log {simulate.log}"
INFO: [USF-XSim-8] Loading simulator feature
Vivado Simulator 2020.2
Time resolution is 1 ps
open_wave_config C:/Users/vlad.pruteanu/Desktop/CID/Lab5/ex2/ALU/top_tb_behav.wcfg
source top_tb.tcl
# set curr_wave [current_wave_config]
# if { [string length $curr_wave] == 0 } {
#   if { [llength [get_objects]] > 0} {
#     add_wave /
#     set_property needs_save false [current_wave_config]
#   } else {
#      send_msg_id Add_Wave-1 WARNING "No top level signals found. Simulator will start without a wave window. If you want to open a wave window go to 'File->New Waveform Configuration' or type 'create_wave_config' in the TCL console."
#   }
# }
# run 1000ns
$stop called at time : 200 ns : File "C:/Users/vlad.pruteanu/Desktop/CID/Lab5/ex2/ALU/ALU.srcs/sim_1/new/top_tb.v" Line 96
INFO: [USF-XSim-96] XSim completed. Design snapshot 'top_tb_behav' loaded.
INFO: [USF-XSim-97] XSim simulation ran for 1000ns
launch_simulation: Time (s): cpu = 00:00:10 ; elapsed = 00:00:13 . Memory (MB): peak = 1017.332 ; gain = 0.000
close_sim
INFO: [Simtcl 6-16] Simulation closed
close_sim: Time (s): cpu = 00:00:02 ; elapsed = 00:00:07 . Memory (MB): peak = 1041.105 ; gain = 0.000
exit
INFO: [Common 17-206] Exiting Vivado at Thu Mar 31 18:13:55 2022...
