
*** Running vivado
    with args -log mux4.vdi -applog -m64 -product Vivado -messageDb vivado.pb -mode batch -source mux4.tcl -notrace


****** Vivado v2020.2 (64-bit)
  **** SW Build 3064766 on Wed Nov 18 09:12:47 MST 2020
  **** IP Build 3064653 on Wed Nov 18 14:17:31 MST 2020
    ** Copyright 1986-2020 Xilinx, Inc. All Rights Reserved.

source mux4.tcl -notrace
Command: link_design -top mux4 -part xc7z020clg400-1
Design is defaulting to srcset: sources_1
Design is defaulting to constrset: constrs_1
INFO: [Device 21-403] Loading part xc7z020clg400-1
Netlist sorting complete. Time (s): cpu = 00:00:00 ; elapsed = 00:00:00 . Memory (MB): peak = 2391.574 ; gain = 0.000 ; free physical = 4594 ; free virtual = 10445
INFO: [Project 1-479] Netlist was created with Vivado 2020.2
INFO: [Project 1-570] Preparing netlist for logic optimization
Parsing XDC File [/home/student/ex2/ex2.srcs/constrs_1/new/ex2.xdc]
Finished Parsing XDC File [/home/student/ex2/ex2.srcs/constrs_1/new/ex2.xdc]
INFO: [Opt 31-138] Pushed 0 inverter(s) to 0 load pin(s).
Netlist sorting complete. Time (s): cpu = 00:00:00 ; elapsed = 00:00:00 . Memory (MB): peak = 2391.574 ; gain = 0.000 ; free physical = 4502 ; free virtual = 10354
INFO: [Project 1-111] Unisim Transformation Summary:
No Unisim elements were transformed.

5 Infos, 0 Warnings, 0 Critical Warnings and 0 Errors encountered.
link_design completed successfully
link_design: Time (s): cpu = 00:00:05 ; elapsed = 00:00:05 . Memory (MB): peak = 2391.574 ; gain = 0.090 ; free physical = 4502 ; free virtual = 10354
Command: opt_design
Attempting to get a license for feature 'Implementation' and/or device 'xc7z020'
INFO: [Common 17-349] Got license for feature 'Implementation' and/or device 'xc7z020'
Running DRC as a precondition to command opt_design

Starting DRC Task
INFO: [DRC 23-27] Running DRC with 4 threads
INFO: [Project 1-461] DRC finished with 0 Errors
INFO: [Project 1-462] Please refer to the DRC report (report_drc) for more information.

Time (s): cpu = 00:00:00.53 ; elapsed = 00:00:00.58 . Memory (MB): peak = 2423.500 ; gain = 31.926 ; free physical = 4497 ; free virtual = 10349

Starting Cache Timing Information Task
INFO: [Timing 38-35] Done setting XDC timing constraints.
Ending Cache Timing Information Task | Checksum: 10f326f9a

Time (s): cpu = 00:00:06 ; elapsed = 00:00:06 . Memory (MB): peak = 2637.453 ; gain = 213.953 ; free physical = 4120 ; free virtual = 9972

Starting Logic Optimization Task

Phase 1 Retarget
INFO: [Opt 31-138] Pushed 0 inverter(s) to 0 load pin(s).
INFO: [Opt 31-49] Retargeted 0 cell(s).
Phase 1 Retarget | Checksum: 10f326f9a

Time (s): cpu = 00:00:00.01 ; elapsed = 00:00:00.01 . Memory (MB): peak = 2808.391 ; gain = 0.000 ; free physical = 3936 ; free virtual = 9787
INFO: [Opt 31-389] Phase Retarget created 0 cells and removed 0 cells

Phase 2 Constant propagation
INFO: [Opt 31-138] Pushed 0 inverter(s) to 0 load pin(s).
Phase 2 Constant propagation | Checksum: 10f326f9a

Time (s): cpu = 00:00:00.01 ; elapsed = 00:00:00.01 . Memory (MB): peak = 2808.391 ; gain = 0.000 ; free physical = 3936 ; free virtual = 9787
INFO: [Opt 31-389] Phase Constant propagation created 0 cells and removed 0 cells

Phase 3 Sweep
Phase 3 Sweep | Checksum: 10f326f9a

Time (s): cpu = 00:00:00.01 ; elapsed = 00:00:00.01 . Memory (MB): peak = 2808.391 ; gain = 0.000 ; free physical = 3936 ; free virtual = 9787
INFO: [Opt 31-389] Phase Sweep created 0 cells and removed 0 cells

Phase 4 BUFG optimization
Phase 4 BUFG optimization | Checksum: 10f326f9a

Time (s): cpu = 00:00:00.01 ; elapsed = 00:00:00.01 . Memory (MB): peak = 2808.391 ; gain = 0.000 ; free physical = 3936 ; free virtual = 9787
INFO: [Opt 31-662] Phase BUFG optimization created 0 cells of which 0 are BUFGs and removed 0 cells.

Phase 5 Shift Register Optimization
INFO: [Opt 31-1064] SRL Remap converted 0 SRLs to 0 registers and converted 0 registers of register chains to 0 SRLs
Phase 5 Shift Register Optimization | Checksum: 10f326f9a

Time (s): cpu = 00:00:00.01 ; elapsed = 00:00:00.01 . Memory (MB): peak = 2808.391 ; gain = 0.000 ; free physical = 3936 ; free virtual = 9787
INFO: [Opt 31-389] Phase Shift Register Optimization created 0 cells and removed 0 cells

Phase 6 Post Processing Netlist
Phase 6 Post Processing Netlist | Checksum: 10f326f9a

Time (s): cpu = 00:00:00.01 ; elapsed = 00:00:00.02 . Memory (MB): peak = 2808.391 ; gain = 0.000 ; free physical = 3936 ; free virtual = 9787
INFO: [Opt 31-389] Phase Post Processing Netlist created 0 cells and removed 0 cells
Opt_design Change Summary
=========================


-------------------------------------------------------------------------------------------------------------------------
|  Phase                        |  #Cells created  |  #Cells Removed  |  #Constrained objects preventing optimizations  |
-------------------------------------------------------------------------------------------------------------------------
|  Retarget                     |               0  |               0  |                                              0  |
|  Constant propagation         |               0  |               0  |                                              0  |
|  Sweep                        |               0  |               0  |                                              0  |
|  BUFG optimization            |               0  |               0  |                                              0  |
|  Shift Register Optimization  |               0  |               0  |                                              0  |
|  Post Processing Netlist      |               0  |               0  |                                              0  |
-------------------------------------------------------------------------------------------------------------------------



Starting Connectivity Check Task

Time (s): cpu = 00:00:00 ; elapsed = 00:00:00 . Memory (MB): peak = 2808.391 ; gain = 0.000 ; free physical = 3936 ; free virtual = 9787
Ending Logic Optimization Task | Checksum: 10f326f9a

Time (s): cpu = 00:00:00.02 ; elapsed = 00:00:00.02 . Memory (MB): peak = 2808.391 ; gain = 0.000 ; free physical = 3936 ; free virtual = 9787

Starting Power Optimization Task
INFO: [Pwropt 34-132] Skipping clock gating for clocks with a period < 2.00 ns.
Ending Power Optimization Task | Checksum: 10f326f9a

Time (s): cpu = 00:00:00 ; elapsed = 00:00:00.01 . Memory (MB): peak = 2808.391 ; gain = 0.000 ; free physical = 3935 ; free virtual = 9787

Starting Final Cleanup Task
Ending Final Cleanup Task | Checksum: 10f326f9a

Time (s): cpu = 00:00:00 ; elapsed = 00:00:00 . Memory (MB): peak = 2808.391 ; gain = 0.000 ; free physical = 3935 ; free virtual = 9787

Starting Netlist Obfuscation Task
Netlist sorting complete. Time (s): cpu = 00:00:00 ; elapsed = 00:00:00 . Memory (MB): peak = 2808.391 ; gain = 0.000 ; free physical = 3935 ; free virtual = 9787
Ending Netlist Obfuscation Task | Checksum: 10f326f9a

Time (s): cpu = 00:00:00 ; elapsed = 00:00:00 . Memory (MB): peak = 2808.391 ; gain = 0.000 ; free physical = 3935 ; free virtual = 9787
INFO: [Common 17-83] Releasing license: Implementation
22 Infos, 0 Warnings, 0 Critical Warnings and 0 Errors encountered.
opt_design completed successfully
opt_design: Time (s): cpu = 00:00:08 ; elapsed = 00:00:08 . Memory (MB): peak = 2808.391 ; gain = 416.816 ; free physical = 3935 ; free virtual = 9787
INFO: [Timing 38-480] Writing timing data to binary archive.
Writing placer database...
Writing XDEF routing.
Writing XDEF routing logical nets.
Writing XDEF routing special nets.
Write XDEF Complete: Time (s): cpu = 00:00:00.03 ; elapsed = 00:00:00.01 . Memory (MB): peak = 2848.410 ; gain = 0.000 ; free physical = 3932 ; free virtual = 9785
INFO: [Common 17-1381] The checkpoint '/home/student/ex2/ex2.runs/impl_1/mux4_opt.dcp' has been generated.
INFO: [runtcl-4] Executing : report_drc -file mux4_drc_opted.rpt -pb mux4_drc_opted.pb -rpx mux4_drc_opted.rpx
Command: report_drc -file mux4_drc_opted.rpt -pb mux4_drc_opted.pb -rpx mux4_drc_opted.rpx
INFO: [IP_Flow 19-234] Refreshing IP repositories
INFO: [IP_Flow 19-1704] No user IP repositories specified
INFO: [IP_Flow 19-2313] Loaded Vivado IP repository '/opt/Xilinx/Vivado/2020.2/data/ip'.
INFO: [Timing 38-35] Done setting XDC timing constraints.
INFO: [DRC 23-27] Running DRC with 4 threads
INFO: [Coretcl 2-168] The results of DRC are in file /home/student/ex2/ex2.runs/impl_1/mux4_drc_opted.rpt.
report_drc completed successfully
Command: place_design
Attempting to get a license for feature 'Implementation' and/or device 'xc7z020'
INFO: [Common 17-349] Got license for feature 'Implementation' and/or device 'xc7z020'
INFO: [DRC 23-27] Running DRC with 4 threads
INFO: [Vivado_Tcl 4-198] DRC finished with 0 Errors
INFO: [Vivado_Tcl 4-199] Please refer to the DRC report (report_drc) for more information.
Running DRC as a precondition to command place_design
INFO: [DRC 23-27] Running DRC with 4 threads
INFO: [Vivado_Tcl 4-198] DRC finished with 0 Errors
INFO: [Vivado_Tcl 4-199] Please refer to the DRC report (report_drc) for more information.

Starting Placer Task
INFO: [Place 30-611] Multithreading enabled for place_design using a maximum of 4 CPUs

Phase 1 Placer Initialization

Phase 1.1 Placer Initialization Netlist Sorting
Netlist sorting complete. Time (s): cpu = 00:00:00 ; elapsed = 00:00:00 . Memory (MB): peak = 2936.891 ; gain = 0.000 ; free physical = 3885 ; free virtual = 9737
Phase 1.1 Placer Initialization Netlist Sorting | Checksum: de02955e

Time (s): cpu = 00:00:00.01 ; elapsed = 00:00:00.03 . Memory (MB): peak = 2936.891 ; gain = 0.000 ; free physical = 3885 ; free virtual = 9737
Netlist sorting complete. Time (s): cpu = 00:00:00 ; elapsed = 00:00:00 . Memory (MB): peak = 2936.891 ; gain = 0.000 ; free physical = 3885 ; free virtual = 9737

Phase 1.2 IO Placement/ Clock Placement/ Build Placer Device
Phase 1.2 IO Placement/ Clock Placement/ Build Placer Device | Checksum: de02955e

Time (s): cpu = 00:00:00.11 ; elapsed = 00:00:00.10 . Memory (MB): peak = 2936.891 ; gain = 0.000 ; free physical = 3900 ; free virtual = 9752

Phase 1.3 Build Placer Netlist Model
Phase 1.3 Build Placer Netlist Model | Checksum: 1afab4277

Time (s): cpu = 00:00:00.13 ; elapsed = 00:00:00.11 . Memory (MB): peak = 2936.891 ; gain = 0.000 ; free physical = 3900 ; free virtual = 9752

Phase 1.4 Constrain Clocks/Macros
Phase 1.4 Constrain Clocks/Macros | Checksum: 1afab4277

Time (s): cpu = 00:00:00.13 ; elapsed = 00:00:00.12 . Memory (MB): peak = 2936.891 ; gain = 0.000 ; free physical = 3900 ; free virtual = 9752
Phase 1 Placer Initialization | Checksum: 1afab4277

Time (s): cpu = 00:00:00.14 ; elapsed = 00:00:00.12 . Memory (MB): peak = 2936.891 ; gain = 0.000 ; free physical = 3900 ; free virtual = 9752

Phase 2 Global Placement

Phase 2.1 Floorplanning
Phase 2.1 Floorplanning | Checksum: 1afab4277

Time (s): cpu = 00:00:00.14 ; elapsed = 00:00:00.12 . Memory (MB): peak = 2936.891 ; gain = 0.000 ; free physical = 3899 ; free virtual = 9751

Phase 2.2 Update Timing before SLR Path Opt
Phase 2.2 Update Timing before SLR Path Opt | Checksum: 1afab4277

Time (s): cpu = 00:00:00.14 ; elapsed = 00:00:00.12 . Memory (MB): peak = 2936.891 ; gain = 0.000 ; free physical = 3899 ; free virtual = 9751

Phase 2.3 Global Placement Core
WARNING: [Place 46-29] place_design is not in timing mode. Skip physical synthesis in placer
Phase 2.3 Global Placement Core | Checksum: 123b8e226

Time (s): cpu = 00:00:00.44 ; elapsed = 00:00:00.25 . Memory (MB): peak = 2936.891 ; gain = 0.000 ; free physical = 3883 ; free virtual = 9735
Phase 2 Global Placement | Checksum: 123b8e226

Time (s): cpu = 00:00:00.44 ; elapsed = 00:00:00.25 . Memory (MB): peak = 2936.891 ; gain = 0.000 ; free physical = 3883 ; free virtual = 9735

Phase 3 Detail Placement

Phase 3.1 Commit Multi Column Macros
Phase 3.1 Commit Multi Column Macros | Checksum: 123b8e226

Time (s): cpu = 00:00:00.46 ; elapsed = 00:00:00.26 . Memory (MB): peak = 2936.891 ; gain = 0.000 ; free physical = 3883 ; free virtual = 9735

Phase 3.2 Commit Most Macros & LUTRAMs
Phase 3.2 Commit Most Macros & LUTRAMs | Checksum: 1cfe45b57

Time (s): cpu = 00:00:00.46 ; elapsed = 00:00:00.26 . Memory (MB): peak = 2936.891 ; gain = 0.000 ; free physical = 3883 ; free virtual = 9735

Phase 3.3 Area Swap Optimization
Phase 3.3 Area Swap Optimization | Checksum: 11f198fda

Time (s): cpu = 00:00:00.48 ; elapsed = 00:00:00.27 . Memory (MB): peak = 2936.891 ; gain = 0.000 ; free physical = 3883 ; free virtual = 9735

Phase 3.4 Pipeline Register Optimization
Phase 3.4 Pipeline Register Optimization | Checksum: 11f198fda

Time (s): cpu = 00:00:00.49 ; elapsed = 00:00:00.27 . Memory (MB): peak = 2936.891 ; gain = 0.000 ; free physical = 3883 ; free virtual = 9735

Phase 3.5 Small Shape Detail Placement
Phase 3.5 Small Shape Detail Placement | Checksum: 16915f957

Time (s): cpu = 00:00:00.61 ; elapsed = 00:00:00.37 . Memory (MB): peak = 2936.891 ; gain = 0.000 ; free physical = 3879 ; free virtual = 9731

Phase 3.6 Re-assign LUT pins
Phase 3.6 Re-assign LUT pins | Checksum: 16915f957

Time (s): cpu = 00:00:00.61 ; elapsed = 00:00:00.37 . Memory (MB): peak = 2936.891 ; gain = 0.000 ; free physical = 3879 ; free virtual = 9731

Phase 3.7 Pipeline Register Optimization
Phase 3.7 Pipeline Register Optimization | Checksum: 16915f957

Time (s): cpu = 00:00:00.61 ; elapsed = 00:00:00.37 . Memory (MB): peak = 2936.891 ; gain = 0.000 ; free physical = 3879 ; free virtual = 9731
Phase 3 Detail Placement | Checksum: 16915f957

Time (s): cpu = 00:00:00.61 ; elapsed = 00:00:00.37 . Memory (MB): peak = 2936.891 ; gain = 0.000 ; free physical = 3879 ; free virtual = 9731

Phase 4 Post Placement Optimization and Clean-Up

Phase 4.1 Post Commit Optimization
Phase 4.1 Post Commit Optimization | Checksum: 16915f957

Time (s): cpu = 00:00:00.62 ; elapsed = 00:00:00.38 . Memory (MB): peak = 2936.891 ; gain = 0.000 ; free physical = 3879 ; free virtual = 9731

Phase 4.2 Post Placement Cleanup
Phase 4.2 Post Placement Cleanup | Checksum: 16915f957

Time (s): cpu = 00:00:00.64 ; elapsed = 00:00:00.39 . Memory (MB): peak = 2936.891 ; gain = 0.000 ; free physical = 3881 ; free virtual = 9733

Phase 4.3 Placer Reporting

Phase 4.3.1 Print Estimated Congestion
INFO: [Place 30-612] Post-Placement Estimated Congestion 
 ____________________________________________________
|           | Global Congestion | Short Congestion  |
| Direction | Region Size       | Region Size       |
|___________|___________________|___________________|
|      North|                1x1|                1x1|
|___________|___________________|___________________|
|      South|                1x1|                1x1|
|___________|___________________|___________________|
|       East|                1x1|                1x1|
|___________|___________________|___________________|
|       West|                1x1|                1x1|
|___________|___________________|___________________|

Phase 4.3.1 Print Estimated Congestion | Checksum: 16915f957

Time (s): cpu = 00:00:00.64 ; elapsed = 00:00:00.39 . Memory (MB): peak = 2936.891 ; gain = 0.000 ; free physical = 3881 ; free virtual = 9733
Phase 4.3 Placer Reporting | Checksum: 16915f957

Time (s): cpu = 00:00:00.64 ; elapsed = 00:00:00.39 . Memory (MB): peak = 2936.891 ; gain = 0.000 ; free physical = 3881 ; free virtual = 9733

Phase 4.4 Final Placement Cleanup
Netlist sorting complete. Time (s): cpu = 00:00:00 ; elapsed = 00:00:00 . Memory (MB): peak = 2936.891 ; gain = 0.000 ; free physical = 3881 ; free virtual = 9733

Time (s): cpu = 00:00:00.64 ; elapsed = 00:00:00.39 . Memory (MB): peak = 2936.891 ; gain = 0.000 ; free physical = 3881 ; free virtual = 9733
Phase 4 Post Placement Optimization and Clean-Up | Checksum: 16915f957

Time (s): cpu = 00:00:00.64 ; elapsed = 00:00:00.39 . Memory (MB): peak = 2936.891 ; gain = 0.000 ; free physical = 3881 ; free virtual = 9733
Ending Placer Task | Checksum: bd722c6d

Time (s): cpu = 00:00:00.64 ; elapsed = 00:00:00.39 . Memory (MB): peak = 2936.891 ; gain = 0.000 ; free physical = 3881 ; free virtual = 9733
INFO: [Common 17-83] Releasing license: Implementation
41 Infos, 1 Warnings, 0 Critical Warnings and 0 Errors encountered.
place_design completed successfully
INFO: [Timing 38-480] Writing timing data to binary archive.
Writing placer database...
Writing XDEF routing.
Writing XDEF routing logical nets.
Writing XDEF routing special nets.
Write XDEF Complete: Time (s): cpu = 00:00:00.01 ; elapsed = 00:00:00.02 . Memory (MB): peak = 2943.832 ; gain = 0.000 ; free physical = 3894 ; free virtual = 9747
INFO: [Common 17-1381] The checkpoint '/home/student/ex2/ex2.runs/impl_1/mux4_placed.dcp' has been generated.
INFO: [runtcl-4] Executing : report_io -file mux4_io_placed.rpt
report_io: Time (s): cpu = 00:00:00.10 ; elapsed = 00:00:00.12 . Memory (MB): peak = 2943.832 ; gain = 0.000 ; free physical = 3886 ; free virtual = 9738
INFO: [runtcl-4] Executing : report_utilization -file mux4_utilization_placed.rpt -pb mux4_utilization_placed.pb
INFO: [runtcl-4] Executing : report_control_sets -verbose -file mux4_control_sets_placed.rpt
report_control_sets: Time (s): cpu = 00:00:00.04 ; elapsed = 00:00:00.08 . Memory (MB): peak = 2943.832 ; gain = 0.000 ; free physical = 3895 ; free virtual = 9747
Command: phys_opt_design
Attempting to get a license for feature 'Implementation' and/or device 'xc7z020'
INFO: [Common 17-349] Got license for feature 'Implementation' and/or device 'xc7z020'
INFO: [Vivado_Tcl 4-235] No timing constraint found. The netlist was not modified.
INFO: [Common 17-83] Releasing license: Implementation
49 Infos, 1 Warnings, 0 Critical Warnings and 0 Errors encountered.
phys_opt_design completed successfully
INFO: [Timing 38-480] Writing timing data to binary archive.
Writing placer database...
Writing XDEF routing.
Writing XDEF routing logical nets.
Writing XDEF routing special nets.
Write XDEF Complete: Time (s): cpu = 00:00:00.02 ; elapsed = 00:00:00.01 . Memory (MB): peak = 2943.832 ; gain = 0.000 ; free physical = 3877 ; free virtual = 9731
INFO: [Common 17-1381] The checkpoint '/home/student/ex2/ex2.runs/impl_1/mux4_physopt.dcp' has been generated.
Command: route_design
Attempting to get a license for feature 'Implementation' and/or device 'xc7z020'
INFO: [Common 17-349] Got license for feature 'Implementation' and/or device 'xc7z020'
Running DRC as a precondition to command route_design
INFO: [DRC 23-27] Running DRC with 4 threads
INFO: [Vivado_Tcl 4-198] DRC finished with 0 Errors
INFO: [Vivado_Tcl 4-199] Please refer to the DRC report (report_drc) for more information.


Starting Routing Task
INFO: [Route 35-254] Multithreading enabled for route_design using a maximum of 4 CPUs
Checksum: PlaceDB: 46a2285c ConstDB: 0 ShapeSum: 76d00411 RouteDB: 0

Phase 1 Build RT Design
Phase 1 Build RT Design | Checksum: 1a35d3a40

Time (s): cpu = 00:00:15 ; elapsed = 00:00:12 . Memory (MB): peak = 3030.422 ; gain = 82.688 ; free physical = 3754 ; free virtual = 9606
Post Restoration Checksum: NetGraph: dcaffaf8 NumContArr: c6ad3f48 Constraints: 0 Timing: 0

Phase 2 Router Initialization
INFO: [Route 35-64] No timing constraints were detected. The router will operate in resource-optimization mode.

Phase 2.1 Fix Topology Constraints
Phase 2.1 Fix Topology Constraints | Checksum: 1a35d3a40

Time (s): cpu = 00:00:15 ; elapsed = 00:00:12 . Memory (MB): peak = 3037.418 ; gain = 89.684 ; free physical = 3737 ; free virtual = 9590

Phase 2.2 Pre Route Cleanup
Phase 2.2 Pre Route Cleanup | Checksum: 1a35d3a40

Time (s): cpu = 00:00:15 ; elapsed = 00:00:12 . Memory (MB): peak = 3037.418 ; gain = 89.684 ; free physical = 3737 ; free virtual = 9590
Phase 2 Router Initialization | Checksum: 1a35d3a40

Time (s): cpu = 00:00:15 ; elapsed = 00:00:12 . Memory (MB): peak = 3050.301 ; gain = 102.566 ; free physical = 3736 ; free virtual = 9588

Router Utilization Summary
  Global Vertical Routing Utilization    = 0 %
  Global Horizontal Routing Utilization  = 0 %
  Routable Net Status*
  *Does not include unroutable nets such as driverless and loadless.
  Run report_route_status for detailed report.
  Number of Failed Nets               = 7
    (Failed Nets is the sum of unrouted and partially routed nets)
  Number of Unrouted Nets             = 7
  Number of Partially Routed Nets     = 0
  Number of Node Overlaps             = 0


Phase 3 Initial Routing

Phase 3.1 Global Routing
Phase 3.1 Global Routing | Checksum: 1a35d3a40

Time (s): cpu = 00:00:15 ; elapsed = 00:00:12 . Memory (MB): peak = 3050.301 ; gain = 102.566 ; free physical = 3736 ; free virtual = 9589
Phase 3 Initial Routing | Checksum: deec12be

Time (s): cpu = 00:00:16 ; elapsed = 00:00:12 . Memory (MB): peak = 3050.301 ; gain = 102.566 ; free physical = 3734 ; free virtual = 9587

Phase 4 Rip-up And Reroute

Phase 4.1 Global Iteration 0
 Number of Nodes with overlaps = 1
 Number of Nodes with overlaps = 0
Phase 4.1 Global Iteration 0 | Checksum: 1052a7a21

Time (s): cpu = 00:00:16 ; elapsed = 00:00:12 . Memory (MB): peak = 3050.301 ; gain = 102.566 ; free physical = 3734 ; free virtual = 9587
Phase 4 Rip-up And Reroute | Checksum: 1052a7a21

Time (s): cpu = 00:00:16 ; elapsed = 00:00:12 . Memory (MB): peak = 3050.301 ; gain = 102.566 ; free physical = 3734 ; free virtual = 9587

Phase 5 Delay and Skew Optimization
Phase 5 Delay and Skew Optimization | Checksum: 1052a7a21

Time (s): cpu = 00:00:16 ; elapsed = 00:00:12 . Memory (MB): peak = 3050.301 ; gain = 102.566 ; free physical = 3734 ; free virtual = 9587

Phase 6 Post Hold Fix

Phase 6.1 Hold Fix Iter
Phase 6.1 Hold Fix Iter | Checksum: 1052a7a21

Time (s): cpu = 00:00:16 ; elapsed = 00:00:12 . Memory (MB): peak = 3050.301 ; gain = 102.566 ; free physical = 3734 ; free virtual = 9587
Phase 6 Post Hold Fix | Checksum: 1052a7a21

Time (s): cpu = 00:00:16 ; elapsed = 00:00:12 . Memory (MB): peak = 3050.301 ; gain = 102.566 ; free physical = 3734 ; free virtual = 9587

Phase 7 Route finalize

Router Utilization Summary
  Global Vertical Routing Utilization    = 0.00367609 %
  Global Horizontal Routing Utilization  = 0.00126775 %
  Routable Net Status*
  *Does not include unroutable nets such as driverless and loadless.
  Run report_route_status for detailed report.
  Number of Failed Nets               = 0
    (Failed Nets is the sum of unrouted and partially routed nets)
  Number of Unrouted Nets             = 0
  Number of Partially Routed Nets     = 0
  Number of Node Overlaps             = 0

Congestion Report
North Dir 1x1 Area, Max Cong = 5.40541%, No Congested Regions.
South Dir 1x1 Area, Max Cong = 3.6036%, No Congested Regions.
East Dir 1x1 Area, Max Cong = 2.94118%, No Congested Regions.
West Dir 1x1 Area, Max Cong = 4.41176%, No Congested Regions.

------------------------------
Reporting congestion hotspots
------------------------------
Direction: North
----------------
Congested clusters found at Level 0
Effective congestion level: 0 Aspect Ratio: 1 Sparse Ratio: 0
Direction: South
----------------
Congested clusters found at Level 0
Effective congestion level: 0 Aspect Ratio: 1 Sparse Ratio: 0
Direction: East
----------------
Congested clusters found at Level 0
Effective congestion level: 0 Aspect Ratio: 1 Sparse Ratio: 0
Direction: West
----------------
Congested clusters found at Level 0
Effective congestion level: 0 Aspect Ratio: 1 Sparse Ratio: 0

Phase 7 Route finalize | Checksum: 1052a7a21

Time (s): cpu = 00:00:16 ; elapsed = 00:00:12 . Memory (MB): peak = 3050.301 ; gain = 102.566 ; free physical = 3734 ; free virtual = 9586

Phase 8 Verifying routed nets

 Verification completed successfully
Phase 8 Verifying routed nets | Checksum: 1052a7a21

Time (s): cpu = 00:00:16 ; elapsed = 00:00:12 . Memory (MB): peak = 3050.301 ; gain = 102.566 ; free physical = 3732 ; free virtual = 9584

Phase 9 Depositing Routes
Phase 9 Depositing Routes | Checksum: 1052a7a21

Time (s): cpu = 00:00:16 ; elapsed = 00:00:12 . Memory (MB): peak = 3050.301 ; gain = 102.566 ; free physical = 3732 ; free virtual = 9584
INFO: [Route 35-16] Router Completed Successfully

Time (s): cpu = 00:00:16 ; elapsed = 00:00:12 . Memory (MB): peak = 3050.301 ; gain = 102.566 ; free physical = 3750 ; free virtual = 9602

Routing Is Done.
INFO: [Common 17-83] Releasing license: Implementation
59 Infos, 1 Warnings, 0 Critical Warnings and 0 Errors encountered.
route_design completed successfully
route_design: Time (s): cpu = 00:00:16 ; elapsed = 00:00:13 . Memory (MB): peak = 3050.301 ; gain = 106.469 ; free physical = 3752 ; free virtual = 9604
INFO: [Common 17-600] The following parameters have non-default value.
general.maxThreads
INFO: [Timing 38-480] Writing timing data to binary archive.
Writing placer database...
Writing XDEF routing.
Writing XDEF routing logical nets.
Writing XDEF routing special nets.
Write XDEF Complete: Time (s): cpu = 00:00:00.02 ; elapsed = 00:00:00.01 . Memory (MB): peak = 3067.211 ; gain = 8.906 ; free physical = 3749 ; free virtual = 9603
INFO: [Common 17-1381] The checkpoint '/home/student/ex2/ex2.runs/impl_1/mux4_routed.dcp' has been generated.
INFO: [runtcl-4] Executing : report_drc -file mux4_drc_routed.rpt -pb mux4_drc_routed.pb -rpx mux4_drc_routed.rpx
Command: report_drc -file mux4_drc_routed.rpt -pb mux4_drc_routed.pb -rpx mux4_drc_routed.rpx
INFO: [IP_Flow 19-1839] IP Catalog is up to date.
INFO: [DRC 23-27] Running DRC with 4 threads
INFO: [Coretcl 2-168] The results of DRC are in file /home/student/ex2/ex2.runs/impl_1/mux4_drc_routed.rpt.
report_drc completed successfully
INFO: [runtcl-4] Executing : report_methodology -file mux4_methodology_drc_routed.rpt -pb mux4_methodology_drc_routed.pb -rpx mux4_methodology_drc_routed.rpx
Command: report_methodology -file mux4_methodology_drc_routed.rpt -pb mux4_methodology_drc_routed.pb -rpx mux4_methodology_drc_routed.rpx
INFO: [Timing 38-35] Done setting XDC timing constraints.
INFO: [DRC 23-133] Running Methodology with 4 threads
INFO: [Coretcl 2-1520] The results of Report Methodology are in file /home/student/ex2/ex2.runs/impl_1/mux4_methodology_drc_routed.rpt.
report_methodology completed successfully
INFO: [runtcl-4] Executing : report_power -file mux4_power_routed.rpt -pb mux4_power_summary_routed.pb -rpx mux4_power_routed.rpx
Command: report_power -file mux4_power_routed.rpt -pb mux4_power_summary_routed.pb -rpx mux4_power_routed.rpx
INFO: [Timing 38-35] Done setting XDC timing constraints.
WARNING: [Power 33-232] No user defined clocks were found in the design! Power estimation will be inaccurate until this is corrected.
Resolution: Please specify clocks using create_clock/create_generated_clock for sequential elements. For pure combinatorial circuits, please specify a virtual clock, otherwise the vectorless estimation might be inaccurate
Running Vector-less Activity Propagation...

Finished Running Vector-less Activity Propagation
72 Infos, 2 Warnings, 0 Critical Warnings and 0 Errors encountered.
report_power completed successfully
INFO: [runtcl-4] Executing : report_route_status -file mux4_route_status.rpt -pb mux4_route_status.pb
INFO: [runtcl-4] Executing : report_timing_summary -max_paths 10 -file mux4_timing_summary_routed.rpt -pb mux4_timing_summary_routed.pb -rpx mux4_timing_summary_routed.rpx -warn_on_violation 
INFO: [Timing 38-91] UpdateTimingParams: Speed grade: -1, Delay Type: min_max.
INFO: [Timing 38-191] Multithreading enabled for timing update using a maximum of 4 CPUs
WARNING: [Timing 38-313] There are no user specified timing constraints. Timing constraints are needed for proper timing analysis.
INFO: [runtcl-4] Executing : report_incremental_reuse -file mux4_incremental_reuse_routed.rpt
INFO: [Vivado_Tcl 4-1062] Incremental flow is disabled. No incremental reuse Info to report.
INFO: [runtcl-4] Executing : report_clock_utilization -file mux4_clock_utilization_routed.rpt
INFO: [runtcl-4] Executing : report_bus_skew -warn_on_violation -file mux4_bus_skew_routed.rpt -pb mux4_bus_skew_routed.pb -rpx mux4_bus_skew_routed.rpx
INFO: [Timing 38-91] UpdateTimingParams: Speed grade: -1, Delay Type: min_max.
INFO: [Timing 38-191] Multithreading enabled for timing update using a maximum of 4 CPUs
Command: write_bitstream -force mux4.bit
Attempting to get a license for feature 'Implementation' and/or device 'xc7z020'
INFO: [Common 17-349] Got license for feature 'Implementation' and/or device 'xc7z020'
Running DRC as a precondition to command write_bitstream
INFO: [IP_Flow 19-1839] IP Catalog is up to date.
INFO: [DRC 23-27] Running DRC with 4 threads
WARNING: [DRC ZPS7-1] PS7 block required: The PS7 cell must be used in this Zynq design in order to enable correct default configuration.
INFO: [Vivado 12-3199] DRC finished with 0 Errors, 1 Warnings
INFO: [Vivado 12-3200] Please refer to the DRC report (report_drc) for more information.
INFO: [Designutils 20-2272] Running write_bitstream with 4 threads.
Loading data files...
Loading site data...
Loading route data...
Processing options...
Creating bitmap...
Creating bitstream...
Writing bitstream ./mux4.bit...
INFO: [Vivado 12-1842] Bitgen Completed Successfully.
INFO: [Project 1-120] WebTalk data collection is mandatory when using a WebPACK part without a full Vivado license. To see the specific WebTalk data collected for your design, open the usage_statistics_webtalk.html or usage_statistics_webtalk.xml file in the implementation directory.
INFO: [Common 17-186] '/home/student/ex2/ex2.runs/impl_1/usage_statistics_webtalk.xml' has been successfully sent to Xilinx on Tue Mar 15 12:32:08 2022. For additional details about this file, please refer to the WebTalk help file at /opt/Xilinx/Vivado/2020.2/doc/webtalk_introduction.html.
INFO: [Common 17-83] Releasing license: Implementation
13 Infos, 1 Warnings, 0 Critical Warnings and 0 Errors encountered.
write_bitstream completed successfully
write_bitstream: Time (s): cpu = 00:00:08 ; elapsed = 00:00:14 . Memory (MB): peak = 3424.641 ; gain = 307.734 ; free physical = 3680 ; free virtual = 9546
INFO: [Common 17-206] Exiting Vivado at Tue Mar 15 12:32:08 2022...
